============================= test session starts ==============================
platform linux -- Python 3.10.13, pytest-8.2.0, pluggy-1.5.0 -- /home/dragon/pythondev/PythonQAAutomation/venv/bin/python
cachedir: .pytest_cache
driver: Chrome
sensitiveurl: .*
metadata: {'Python': '3.10.13', 'Platform': 'Linux-6.1.0-21-amd64-x86_64-with-glibc2.36', 'Packages': {'pytest': '8.2.0', 'pluggy': '1.5.0'}, 'Plugins': {'selenium': '4.1.0', 'metadata': '3.1.1', 'hypothesis': '6.100.5', 'print': '1.0.0', 'bdd': '7.1.2', 'html': '4.1.1', 'allure-pytest': '2.13.5', 'variables': '3.1.0', 'selenium-auto': '1.3.1', 'base-url': '2.1.0'}, 'JAVA_HOME': '/home/dragon/.sdkman/candidates/java/current', 'Base URL': '', 'Driver': 'Chrome', 'Capabilities': {}}
hypothesis profile 'default' -> database=DirectoryBasedExampleDatabase(PosixPath('/home/dragon/pythondev/PythonQAAutomation/.hypothesis/examples'))
rootdir: /home/dragon/pythondev/PythonQAAutomation
configfile: pytest.ini
plugins: selenium-4.1.0, metadata-3.1.1, hypothesis-6.100.5, print-1.0.0, bdd-7.1.2, html-4.1.1, allure-pytest-2.13.5, variables-3.1.0, selenium-auto-1.3.1, base-url-2.1.0
collecting ... collected 12 items

tests/pytest-selenium/test_otp_page.py::test_url_otp_page asserting that <Function test_url_otp_page> | at Line 121 | 'okta.com' in web_driver.current_url | 'okta.com' in 'https://dev-12122670.okta.com/oauth2/default/v1/authorize?response_type=code&client_id=0oagkutfth1CCXZ9k5d7&redirect_uri=https%3A%2F%2Fspa4h429l.otpyrc.dev%2Fauthorization-code%2Fcallback&scope=openid%20openid%20profile&state=e%2B78YLlYnD2eS3Hrs5WltxeC'
 +  where 'https://dev-12122670.okta.com/oauth2/default/v1/authorize?response_type=code&client_id=0oagkutfth1CCXZ9k5d7&redirect_uri=https%3A%2F%2Fspa4h429l.otpyrc.dev%2Fauthorization-code%2Fcallback&scope=openid%20openid%20profile&state=e%2B78YLlYnD2eS3Hrs5WltxeC' = <selenium.webdriver.chrome.webdriver.WebDriver (session="549fb73d191998206297b04cf558d7c5")>.current_url | Pass

PASSED         [  8%]
tests/pytest-selenium/test_otp_page.py::test_otp_page_check_input_form_element asserting that <Function test_otp_page_check_input_form_element> | at Line 127 | web_driver.find_element(By.XPATH, XPATH_OTP_PAGE_INPUT_ENTER_CODE_ELEMENT) | <selenium.webdriver.remote.webelement.WebElement (session="a9d297b6d5163586225cd2876b72ce6d", element="f.4E92D855A23974C512EEB57AB7C72216.d.37451956F3BE1547BBF16E4E7329724B.e.26")>
 +  where <selenium.webdriver.remote.webelement.WebElement (session="a9d297b6d5163586225cd2876b72ce6d", element="f.4E92D855A23974C512EEB57AB7C72216.d.37451956F3BE1547BBF16E4E7329724B.e.26")> = <bound method WebDriver.find_element of <selenium.webdriver.chrome.webdriver.WebDriver (session="a9d297b6d5163586225cd2876b72ce6d")>>('xpath', "//input[contains(@type, 'text') and contains(@name, 'credentials.passcode') and contains(@autocomplete, 'off')]")
 +    where <bound method WebDriver.find_element of <selenium.webdriver.chrome.webdriver.WebDriver (session="a9d297b6d5163586225cd2876b72ce6d")>> = <selenium.webdriver.chrome.webdriver.WebDriver (session="a9d297b6d5163586225cd2876b72ce6d")>.find_element
 +    and   'xpath' = By.XPATH | Pass

PASSED [ 16%]
tests/pytest-selenium/test_otp_page.py::test_otp_page_check_header_verify_element asserting that <Function test_otp_page_check_header_verify_element> | at Line 133 | web_driver.find_element(By.XPATH, XPATH_OTP_PAGE_HEADER_VERIFY_ELEMENT) | <selenium.webdriver.remote.webelement.WebElement (session="835c6cf792c72152596d5097cf2b2b8c", element="f.468712222FC4CF3B2E533614541919C7.d.E392D5856CB1F2E52D4BA5D7C42D56EA.e.35")>
 +  where <selenium.webdriver.remote.webelement.WebElement (session="835c6cf792c72152596d5097cf2b2b8c", element="f.468712222FC4CF3B2E533614541919C7.d.E392D5856CB1F2E52D4BA5D7C42D56EA.e.35")> = <bound method WebDriver.find_element of <selenium.webdriver.chrome.webdriver.WebDriver (session="835c6cf792c72152596d5097cf2b2b8c")>>('xpath', "//h2[contains(text(), 'Verify with Google Authenticator')]")
 +    where <bound method WebDriver.find_element of <selenium.webdriver.chrome.webdriver.WebDriver (session="835c6cf792c72152596d5097cf2b2b8c")>> = <selenium.webdriver.chrome.webdriver.WebDriver (session="835c6cf792c72152596d5097cf2b2b8c")>.find_element
 +    and   'xpath' = By.XPATH | Pass

PASSED [ 25%]
tests/pytest-selenium/test_otp_page.py::test_otp_page_check_label_enter_code_element asserting that <Function test_otp_page_check_label_enter_code_element> | at Line 139 | web_driver.find_element(By.XPATH, XPATH_OTP_PAGE_LABEL_ENTER_CODE_ELEMENT) | <selenium.webdriver.remote.webelement.WebElement (session="0e643ef83a7404cbb595f81b63b6155b", element="f.E62E2CD9F11A30155F53D3B75E682857.d.83CFAB9B4C3CF20E06467712CFF295B4.e.35")>
 +  where <selenium.webdriver.remote.webelement.WebElement (session="0e643ef83a7404cbb595f81b63b6155b", element="f.E62E2CD9F11A30155F53D3B75E682857.d.83CFAB9B4C3CF20E06467712CFF295B4.e.35")> = <bound method WebDriver.find_element of <selenium.webdriver.chrome.webdriver.WebDriver (session="0e643ef83a7404cbb595f81b63b6155b")>>('xpath', "//label[contains(text(), 'Enter code')]")
 +    where <bound method WebDriver.find_element of <selenium.webdriver.chrome.webdriver.WebDriver (session="0e643ef83a7404cbb595f81b63b6155b")>> = <selenium.webdriver.chrome.webdriver.WebDriver (session="0e643ef83a7404cbb595f81b63b6155b")>.find_element
 +    and   'xpath' = By.XPATH | Pass

PASSED [ 33%]
tests/pytest-selenium/test_otp_page.py::test_otp_page_check_input_enter_code_element asserting that <Function test_otp_page_check_input_enter_code_element> | at Line 144 | web_driver.find_element(By.XPATH, XPATH_OTP_PAGE_INPUT_ENTER_CODE_ELEMENT) | <selenium.webdriver.remote.webelement.WebElement (session="f929511e97a6aea768d4c3adbcfa0c44", element="f.13F6F77184B81F3D86E031EB9DB2975E.d.2F4C46FC13D6270248631B534E342256.e.25")>
 +  where <selenium.webdriver.remote.webelement.WebElement (session="f929511e97a6aea768d4c3adbcfa0c44", element="f.13F6F77184B81F3D86E031EB9DB2975E.d.2F4C46FC13D6270248631B534E342256.e.25")> = <bound method WebDriver.find_element of <selenium.webdriver.chrome.webdriver.WebDriver (session="f929511e97a6aea768d4c3adbcfa0c44")>>('xpath', "//input[contains(@type, 'text') and contains(@name, 'credentials.passcode') and contains(@autocomplete, 'off')]")
 +    where <bound method WebDriver.find_element of <selenium.webdriver.chrome.webdriver.WebDriver (session="f929511e97a6aea768d4c3adbcfa0c44")>> = <selenium.webdriver.chrome.webdriver.WebDriver (session="f929511e97a6aea768d4c3adbcfa0c44")>.find_element
 +    and   'xpath' = By.XPATH | Pass

PASSED [ 41%]
tests/pytest-selenium/test_otp_page.py::test_otp_page_check_button_verify_element asserting that <Function test_otp_page_check_button_verify_element> | at Line 149 | web_driver.find_element(By.XPATH, XPATH_OTP_PAGE_BUTTON_VERIFY_ELEMENT) | <selenium.webdriver.remote.webelement.WebElement (session="4b891edfe33c4d9b32c82bce74e8ceef", element="f.73B3B4CA648184DE31CEA86E37F41506.d.9FD52CD36BDDD7B7F0DB3971C992B539.e.35")>
 +  where <selenium.webdriver.remote.webelement.WebElement (session="4b891edfe33c4d9b32c82bce74e8ceef", element="f.73B3B4CA648184DE31CEA86E37F41506.d.9FD52CD36BDDD7B7F0DB3971C992B539.e.35")> = <bound method WebDriver.find_element of <selenium.webdriver.chrome.webdriver.WebDriver (session="4b891edfe33c4d9b32c82bce74e8ceef")>>('xpath', "//input[contains(@type, 'submit') and contains(@value, 'Verify') and contains(@data-type, 'save')]")
 +    where <bound method WebDriver.find_element of <selenium.webdriver.chrome.webdriver.WebDriver (session="4b891edfe33c4d9b32c82bce74e8ceef")>> = <selenium.webdriver.chrome.webdriver.WebDriver (session="4b891edfe33c4d9b32c82bce74e8ceef")>.find_element
 +    and   'xpath' = By.XPATH | Pass

PASSED [ 50%]
tests/pytest-selenium/test_otp_page.py::test_otp_page_check_span_username_element asserting that <Function test_otp_page_check_span_username_element> | at Line 155 | web_driver.find_element(By.XPATH, XPATH_OTP_PAGE_SPAN_USERNAME_ELEMENT) | <selenium.webdriver.remote.webelement.WebElement (session="a30814e3b91ff42e98be6a14c790b972", element="f.97F793D5800260A2EAA09053D6EAA067.d.0213288456A5597BD1DE82B078A86B47.e.35")>
 +  where <selenium.webdriver.remote.webelement.WebElement (session="a30814e3b91ff42e98be6a14c790b972", element="f.97F793D5800260A2EAA09053D6EAA067.d.0213288456A5597BD1DE82B078A86B47.e.35")> = <bound method WebDriver.find_element of <selenium.webdriver.chrome.webdriver.WebDriver (session="a30814e3b91ff42e98be6a14c790b972")>>('xpath', "//span[contains(text(), 'sengloong82@gmail.com')]")
 +    where <bound method WebDriver.find_element of <selenium.webdriver.chrome.webdriver.WebDriver (session="a30814e3b91ff42e98be6a14c790b972")>> = <selenium.webdriver.chrome.webdriver.WebDriver (session="a30814e3b91ff42e98be6a14c790b972")>.find_element
 +    and   'xpath' = By.XPATH | Pass

PASSED [ 58%]
tests/pytest-selenium/test_otp_page.py::test_otp_page_check_link_back_to_sign_in_element asserting that <Function test_otp_page_check_link_back_to_sign_in_element> | at Line 161 | web_driver.find_element(By.XPATH, XPATH_OTP_PAGE_LINK_BACK_TO_SIGN_IN_ELEMENT) | <selenium.webdriver.remote.webelement.WebElement (session="7df65be7b6b654734f49c266e1e2be47", element="f.C6011CD74E24646041D6F5C4F5B4F756.d.FF3750A3DD65C165DE6964967A454B9C.e.35")>
 +  where <selenium.webdriver.remote.webelement.WebElement (session="7df65be7b6b654734f49c266e1e2be47", element="f.C6011CD74E24646041D6F5C4F5B4F756.d.FF3750A3DD65C165DE6964967A454B9C.e.35")> = <bound method WebDriver.find_element of <selenium.webdriver.chrome.webdriver.WebDriver (session="7df65be7b6b654734f49c266e1e2be47")>>('xpath', "//a[contains(text(), 'Back to sign in')]")
 +    where <bound method WebDriver.find_element of <selenium.webdriver.chrome.webdriver.WebDriver (session="7df65be7b6b654734f49c266e1e2be47")>> = <selenium.webdriver.chrome.webdriver.WebDriver (session="7df65be7b6b654734f49c266e1e2be47")>.find_element
 +    and   'xpath' = By.XPATH | Pass

PASSED [ 66%]
tests/pytest-selenium/test_otp_page.py::test_validate_otp_page_suite start testing test_validate_otp_page_suite

asserting that <Function test_validate_otp_page_suite> | at Line 121 | 'okta.com' in web_driver.current_url | 'okta.com' in 'https://dev-12122670.okta.com/oauth2/default/v1/authorize?response_type=code&client_id=0oagkutfth1CCXZ9k5d7&redirect_uri=https%3A%2F%2Fspa4h429l.otpyrc.dev%2Fauthorization-code%2Fcallback&scope=openid%20openid%20profile&state=umisojCmN6MKuFKAEX1sDhiH'
 +  where 'https://dev-12122670.okta.com/oauth2/default/v1/authorize?response_type=code&client_id=0oagkutfth1CCXZ9k5d7&redirect_uri=https%3A%2F%2Fspa4h429l.otpyrc.dev%2Fauthorization-code%2Fcallback&scope=openid%20openid%20profile&state=umisojCmN6MKuFKAEX1sDhiH' = <selenium.webdriver.chrome.webdriver.WebDriver (session="369fccfd8d402d69f4a10b39349eafd8")>.current_url | Pass

asserting that <Function test_validate_otp_page_suite> | at Line 127 | web_driver.find_element(By.XPATH, XPATH_OTP_PAGE_INPUT_ENTER_CODE_ELEMENT) | <selenium.webdriver.remote.webelement.WebElement (session="369fccfd8d402d69f4a10b39349eafd8", element="f.998469A909370482FE2CC2234846904A.d.3254373ED5F5FAB9810B7E9940BF5126.e.26")>
 +  where <selenium.webdriver.remote.webelement.WebElement (session="369fccfd8d402d69f4a10b39349eafd8", element="f.998469A909370482FE2CC2234846904A.d.3254373ED5F5FAB9810B7E9940BF5126.e.26")> = <bound method WebDriver.find_element of <selenium.webdriver.chrome.webdriver.WebDriver (session="369fccfd8d402d69f4a10b39349eafd8")>>('xpath', "//input[contains(@type, 'text') and contains(@name, 'credentials.passcode') and contains(@autocomplete, 'off')]")
 +    where <bound method WebDriver.find_element of <selenium.webdriver.chrome.webdriver.WebDriver (session="369fccfd8d402d69f4a10b39349eafd8")>> = <selenium.webdriver.chrome.webdriver.WebDriver (session="369fccfd8d402d69f4a10b39349eafd8")>.find_element
 +    and   'xpath' = By.XPATH | Pass

asserting that <Function test_validate_otp_page_suite> | at Line 133 | web_driver.find_element(By.XPATH, XPATH_OTP_PAGE_HEADER_VERIFY_ELEMENT) | <selenium.webdriver.remote.webelement.WebElement (session="369fccfd8d402d69f4a10b39349eafd8", element="f.998469A909370482FE2CC2234846904A.d.3254373ED5F5FAB9810B7E9940BF5126.e.36")>
 +  where <selenium.webdriver.remote.webelement.WebElement (session="369fccfd8d402d69f4a10b39349eafd8", element="f.998469A909370482FE2CC2234846904A.d.3254373ED5F5FAB9810B7E9940BF5126.e.36")> = <bound method WebDriver.find_element of <selenium.webdriver.chrome.webdriver.WebDriver (session="369fccfd8d402d69f4a10b39349eafd8")>>('xpath', "//h2[contains(text(), 'Verify with Google Authenticator')]")
 +    where <bound method WebDriver.find_element of <selenium.webdriver.chrome.webdriver.WebDriver (session="369fccfd8d402d69f4a10b39349eafd8")>> = <selenium.webdriver.chrome.webdriver.WebDriver (session="369fccfd8d402d69f4a10b39349eafd8")>.find_element
 +    and   'xpath' = By.XPATH | Pass

asserting that <Function test_validate_otp_page_suite> | at Line 139 | web_driver.find_element(By.XPATH, XPATH_OTP_PAGE_LABEL_ENTER_CODE_ELEMENT) | <selenium.webdriver.remote.webelement.WebElement (session="369fccfd8d402d69f4a10b39349eafd8", element="f.998469A909370482FE2CC2234846904A.d.3254373ED5F5FAB9810B7E9940BF5126.e.37")>
 +  where <selenium.webdriver.remote.webelement.WebElement (session="369fccfd8d402d69f4a10b39349eafd8", element="f.998469A909370482FE2CC2234846904A.d.3254373ED5F5FAB9810B7E9940BF5126.e.37")> = <bound method WebDriver.find_element of <selenium.webdriver.chrome.webdriver.WebDriver (session="369fccfd8d402d69f4a10b39349eafd8")>>('xpath', "//label[contains(text(), 'Enter code')]")
 +    where <bound method WebDriver.find_element of <selenium.webdriver.chrome.webdriver.WebDriver (session="369fccfd8d402d69f4a10b39349eafd8")>> = <selenium.webdriver.chrome.webdriver.WebDriver (session="369fccfd8d402d69f4a10b39349eafd8")>.find_element
 +    and   'xpath' = By.XPATH | Pass

asserting that <Function test_validate_otp_page_suite> | at Line 144 | web_driver.find_element(By.XPATH, XPATH_OTP_PAGE_INPUT_ENTER_CODE_ELEMENT) | <selenium.webdriver.remote.webelement.WebElement (session="369fccfd8d402d69f4a10b39349eafd8", element="f.998469A909370482FE2CC2234846904A.d.3254373ED5F5FAB9810B7E9940BF5126.e.26")>
 +  where <selenium.webdriver.remote.webelement.WebElement (session="369fccfd8d402d69f4a10b39349eafd8", element="f.998469A909370482FE2CC2234846904A.d.3254373ED5F5FAB9810B7E9940BF5126.e.26")> = <bound method WebDriver.find_element of <selenium.webdriver.chrome.webdriver.WebDriver (session="369fccfd8d402d69f4a10b39349eafd8")>>('xpath', "//input[contains(@type, 'text') and contains(@name, 'credentials.passcode') and contains(@autocomplete, 'off')]")
 +    where <bound method WebDriver.find_element of <selenium.webdriver.chrome.webdriver.WebDriver (session="369fccfd8d402d69f4a10b39349eafd8")>> = <selenium.webdriver.chrome.webdriver.WebDriver (session="369fccfd8d402d69f4a10b39349eafd8")>.find_element
 +    and   'xpath' = By.XPATH | Pass

asserting that <Function test_validate_otp_page_suite> | at Line 149 | web_driver.find_element(By.XPATH, XPATH_OTP_PAGE_BUTTON_VERIFY_ELEMENT) | <selenium.webdriver.remote.webelement.WebElement (session="369fccfd8d402d69f4a10b39349eafd8", element="f.998469A909370482FE2CC2234846904A.d.3254373ED5F5FAB9810B7E9940BF5126.e.38")>
 +  where <selenium.webdriver.remote.webelement.WebElement (session="369fccfd8d402d69f4a10b39349eafd8", element="f.998469A909370482FE2CC2234846904A.d.3254373ED5F5FAB9810B7E9940BF5126.e.38")> = <bound method WebDriver.find_element of <selenium.webdriver.chrome.webdriver.WebDriver (session="369fccfd8d402d69f4a10b39349eafd8")>>('xpath', "//input[contains(@type, 'submit') and contains(@value, 'Verify') and contains(@data-type, 'save')]")
 +    where <bound method WebDriver.find_element of <selenium.webdriver.chrome.webdriver.WebDriver (session="369fccfd8d402d69f4a10b39349eafd8")>> = <selenium.webdriver.chrome.webdriver.WebDriver (session="369fccfd8d402d69f4a10b39349eafd8")>.find_element
 +    and   'xpath' = By.XPATH | Pass

asserting that <Function test_validate_otp_page_suite> | at Line 155 | web_driver.find_element(By.XPATH, XPATH_OTP_PAGE_SPAN_USERNAME_ELEMENT) | <selenium.webdriver.remote.webelement.WebElement (session="369fccfd8d402d69f4a10b39349eafd8", element="f.998469A909370482FE2CC2234846904A.d.3254373ED5F5FAB9810B7E9940BF5126.e.40")>
 +  where <selenium.webdriver.remote.webelement.WebElement (session="369fccfd8d402d69f4a10b39349eafd8", element="f.998469A909370482FE2CC2234846904A.d.3254373ED5F5FAB9810B7E9940BF5126.e.40")> = <bound method WebDriver.find_element of <selenium.webdriver.chrome.webdriver.WebDriver (session="369fccfd8d402d69f4a10b39349eafd8")>>('xpath', "//span[contains(text(), 'sengloong82@gmail.com')]")
 +    where <bound method WebDriver.find_element of <selenium.webdriver.chrome.webdriver.WebDriver (session="369fccfd8d402d69f4a10b39349eafd8")>> = <selenium.webdriver.chrome.webdriver.WebDriver (session="369fccfd8d402d69f4a10b39349eafd8")>.find_element
 +    and   'xpath' = By.XPATH | Pass

asserting that <Function test_validate_otp_page_suite> | at Line 161 | web_driver.find_element(By.XPATH, XPATH_OTP_PAGE_LINK_BACK_TO_SIGN_IN_ELEMENT) | <selenium.webdriver.remote.webelement.WebElement (session="369fccfd8d402d69f4a10b39349eafd8", element="f.998469A909370482FE2CC2234846904A.d.3254373ED5F5FAB9810B7E9940BF5126.e.41")>
 +  where <selenium.webdriver.remote.webelement.WebElement (session="369fccfd8d402d69f4a10b39349eafd8", element="f.998469A909370482FE2CC2234846904A.d.3254373ED5F5FAB9810B7E9940BF5126.e.41")> = <bound method WebDriver.find_element of <selenium.webdriver.chrome.webdriver.WebDriver (session="369fccfd8d402d69f4a10b39349eafd8")>>('xpath', "//a[contains(text(), 'Back to sign in')]")
 +    where <bound method WebDriver.find_element of <selenium.webdriver.chrome.webdriver.WebDriver (session="369fccfd8d402d69f4a10b39349eafd8")>> = <selenium.webdriver.chrome.webdriver.WebDriver (session="369fccfd8d402d69f4a10b39349eafd8")>.find_element
 +    and   'xpath' = By.XPATH | Pass


end testing test_validate_login_page_suite
PASSED [ 75%]
tests/pytest-selenium/test_otp_page.py::test_otp_page_verify_with_correct_code[802309] start testing test_otp_page_verify_with_correct_code

asserting that <Function test_otp_page_verify_with_correct_code[802309]> | at Line 300 | '/profile' in web_driver.current_url | '/profile' in 'https://spa4h429l.otpyrc.dev/profile'
 +  where 'https://spa4h429l.otpyrc.dev/profile' = <selenium.webdriver.chrome.webdriver.WebDriver (session="9c30ba5815b268aaa6ac39f5f5c60f0a")>.current_url | Pass

asserting that <Function test_otp_page_verify_with_correct_code[802309]> | at Line 302 | 'My Profile' in web_driver.find_element(By.XPATH, XPATH_MY_PROFILE_PAGE_HEADER_ELEMENT).text | 'My Profile' in 'My Profile'
 +  where 'My Profile' = <selenium.webdriver.remote.webelement.WebElement (session="9c30ba5815b268aaa6ac39f5f5c60f0a", element="f.2F6D08AEB3B82E9E1F3638A7382C2B41.d.11D5B8FE977C6D533B26EEAD1FEE097D.e.11")>.text
 +    where <selenium.webdriver.remote.webelement.WebElement (session="9c30ba5815b268aaa6ac39f5f5c60f0a", element="f.2F6D08AEB3B82E9E1F3638A7382C2B41.d.11D5B8FE977C6D533B26EEAD1FEE097D.e.11")> = <bound method WebDriver.find_element of <selenium.webdriver.chrome.webdriver.WebDriver (session="9c30ba5815b268aaa6ac39f5f5c60f0a")>>('xpath', "//h2[contains(text(), 'My Profile')]")
 +      where <bound method WebDriver.find_element of <selenium.webdriver.chrome.webdriver.WebDriver (session="9c30ba5815b268aaa6ac39f5f5c60f0a")>> = <selenium.webdriver.chrome.webdriver.WebDriver (session="9c30ba5815b268aaa6ac39f5f5c60f0a")>.find_element
 +      and   'xpath' = By.XPATH | Pass

asserting that <Function test_otp_page_verify_with_correct_code[802309]> | at Line 304 | USERNAME in data | 'sengloong82@gmail.com' in ['id', '00ugstdmtwCYvDRnS5d7', 'displayName', 'seng chan', 'username', 'sengloong82@gmail.com'] | Pass


end testing test_otp_page_verify_with_correct_code
PASSED [ 83%]
tests/pytest-selenium/test_otp_page.py::test_otp_page_verify_with_empty_code[] start testing test_otp_page_verify_with_empty_code

asserting that <Function test_otp_page_verify_with_empty_code[]> | at Line 317 | web_driver.find_element(By.XPATH, XPATH_OTP_PAGE_P_ALERT_EMPTY_ELEMENT) | <selenium.webdriver.remote.webelement.WebElement (session="e86229d28b34117cd7cbfc68953f9e85", element="f.05BF2822FCEF58C5F4A24EBFD01D13B0.d.87E73CA9ED6389B36CE77CCBFBBBAE74.e.42")>
 +  where <selenium.webdriver.remote.webelement.WebElement (session="e86229d28b34117cd7cbfc68953f9e85", element="f.05BF2822FCEF58C5F4A24EBFD01D13B0.d.87E73CA9ED6389B36CE77CCBFBBBAE74.e.42")> = <bound method WebDriver.find_element of <selenium.webdriver.chrome.webdriver.WebDriver (session="e86229d28b34117cd7cbfc68953f9e85")>>('xpath', "//p[contains(text(), 'This field cannot be left blank')]")
 +    where <bound method WebDriver.find_element of <selenium.webdriver.chrome.webdriver.WebDriver (session="e86229d28b34117cd7cbfc68953f9e85")>> = <selenium.webdriver.chrome.webdriver.WebDriver (session="e86229d28b34117cd7cbfc68953f9e85")>.find_element
 +    and   'xpath' = By.XPATH | Pass

asserting that <Function test_otp_page_verify_with_empty_code[]> | at Line 319 | web_driver.find_element(By.XPATH, XPATH_OTP_PAGE_P_ALERT_FORM_ERROR_ELEMENT) | <selenium.webdriver.remote.webelement.WebElement (session="e86229d28b34117cd7cbfc68953f9e85", element="f.05BF2822FCEF58C5F4A24EBFD01D13B0.d.87E73CA9ED6389B36CE77CCBFBBBAE74.e.43")>
 +  where <selenium.webdriver.remote.webelement.WebElement (session="e86229d28b34117cd7cbfc68953f9e85", element="f.05BF2822FCEF58C5F4A24EBFD01D13B0.d.87E73CA9ED6389B36CE77CCBFBBBAE74.e.43")> = <bound method WebDriver.find_element of <selenium.webdriver.chrome.webdriver.WebDriver (session="e86229d28b34117cd7cbfc68953f9e85")>>('xpath', "//p[contains(text(), 'We found some errors. Please review the form and make corrections.')]")
 +    where <bound method WebDriver.find_element of <selenium.webdriver.chrome.webdriver.WebDriver (session="e86229d28b34117cd7cbfc68953f9e85")>> = <selenium.webdriver.chrome.webdriver.WebDriver (session="e86229d28b34117cd7cbfc68953f9e85")>.find_element
 +    and   'xpath' = By.XPATH | Pass


end testing test_otp_page_verify_with_empty_code
PASSED [ 91%]
tests/pytest-selenium/test_otp_page.py::test_otp_page_verify_with_wrong_code[123456] start testing test_otp_page_verify_with_wrong_code

asserting that <Function test_otp_page_verify_with_wrong_code[123456]> | at Line 332 | web_driver.find_element(By.XPATH, XPATH_OTP_PAGE_P_ALERT_CODE_ERROR_ELEMENT) | <selenium.webdriver.remote.webelement.WebElement (session="b139778ebd50b20842b898ee446abd48", element="f.274561C4ABB75B0E0D7021C26289EDC6.d.30E82598E0A58A93709E80B1A6A3E319.e.42")>
 +  where <selenium.webdriver.remote.webelement.WebElement (session="b139778ebd50b20842b898ee446abd48", element="f.274561C4ABB75B0E0D7021C26289EDC6.d.30E82598E0A58A93709E80B1A6A3E319.e.42")> = <bound method WebDriver.find_element of <selenium.webdriver.chrome.webdriver.WebDriver (session="b139778ebd50b20842b898ee446abd48")>>('xpath', '//p[contains(text(), "Your code doesn\'t match our records. Please try again.")]')
 +    where <bound method WebDriver.find_element of <selenium.webdriver.chrome.webdriver.WebDriver (session="b139778ebd50b20842b898ee446abd48")>> = <selenium.webdriver.chrome.webdriver.WebDriver (session="b139778ebd50b20842b898ee446abd48")>.find_element
 +    and   'xpath' = By.XPATH | Pass

asserting that <Function test_otp_page_verify_with_wrong_code[123456]> | at Line 334 | web_driver.find_element(By.XPATH, XPATH_OTP_PAGE_P_ALERT_FORM_ERROR_ELEMENT) | <selenium.webdriver.remote.webelement.WebElement (session="b139778ebd50b20842b898ee446abd48", element="f.274561C4ABB75B0E0D7021C26289EDC6.d.30E82598E0A58A93709E80B1A6A3E319.e.43")>
 +  where <selenium.webdriver.remote.webelement.WebElement (session="b139778ebd50b20842b898ee446abd48", element="f.274561C4ABB75B0E0D7021C26289EDC6.d.30E82598E0A58A93709E80B1A6A3E319.e.43")> = <bound method WebDriver.find_element of <selenium.webdriver.chrome.webdriver.WebDriver (session="b139778ebd50b20842b898ee446abd48")>>('xpath', "//p[contains(text(), 'We found some errors. Please review the form and make corrections.')]")
 +    where <bound method WebDriver.find_element of <selenium.webdriver.chrome.webdriver.WebDriver (session="b139778ebd50b20842b898ee446abd48")>> = <selenium.webdriver.chrome.webdriver.WebDriver (session="b139778ebd50b20842b898ee446abd48")>.find_element
 +    and   'xpath' = By.XPATH | Pass


end testing test_otp_page_verify_with_empty_code
PASSED [100%]
============================ Hypothesis Statistics =============================

- Generated html report: file:///home/dragon/pythondev/PythonQAAutomation/reports/report.html -
======================== 12 passed in 209.85s (0:03:29) ========================
Report successfully generated to allure-report
